<?xml version="1.0" encoding="UTF-8"?>
<!-- Generated by org.testng.reporters.JUnitReportReporter -->
<testsuite hostname="DESKTOP-UB6TGO0" failures="0" tests="1" name="testngclass.TestAnnotation" time="0.014" errors="0" timestamp="2023-03-30T10:43:47 PDT" skipped="0">
  <testcase classname="testngclass.TestAnnotation" name="testNumber_softAssert" time="0.014"/>
  <system-out/>
</testsuite> <!-- testngclass.TestAnnotation -->
