<?xml version="1.0" encoding="UTF-8"?>
<!-- Generated by org.testng.reporters.JUnitReportReporter -->
<testsuite hostname="DESKTOP-UB6TGO0" failures="0" tests="1" name="performance.PerformanceTesting" time="6.551" errors="0" timestamp="2023-03-30T18:39:52 PDT" skipped="0">
  <testcase classname="performance.PerformanceTesting" name="Test1" time="6.551"/>
  <system-out/>
</testsuite> <!-- performance.PerformanceTesting -->
