<?xml version="1.0" encoding="UTF-8"?>
<!-- Generated by org.testng.reporters.JUnitReportReporter -->
<testsuite hostname="DESKTOP-UB6TGO0" failures="0" tests="1" name="Facebook.LoginTest" time="6.344" errors="0" timestamp="2023-04-07T12:35:13 PDT" skipped="0">
  <testcase classname="Facebook.LoginTest" name="TestLogin" time="6.344"/>
  <system-out/>
</testsuite> <!-- Facebook.LoginTest -->
