<?xml version="1.0" encoding="UTF-8"?>
<!-- Generated by org.testng.reporters.JUnitReportReporter -->
<testsuite hostname="DESKTOP-UB6TGO0" failures="0" tests="1" name="extentreports.Test3" time="0.047" errors="0" timestamp="2022-12-12T17:49:26 PST" skipped="0">
  <testcase classname="extentreports.Test3" name="hhf" time="0.047"/>
  <system-out/>
</testsuite> <!-- extentreports.Test3 -->
